<?xml version="1.0" encoding="UTF-8"?>
<!-- Generated by org.testng.reporters.JUnitReportReporter -->
<testsuite hostname="ANIKET" failures="0" tests="1" name="aniket.testcases.com.LoginCRMTest" time="4.354" errors="0" timestamp="22 Jul 2020 05:29:17 GMT" skipped="0">
  <testcase classname="aniket.testcases.com.LoginCRMTest" name="validatelogin" time="4.354"/>
</testsuite> <!-- aniket.testcases.com.LoginCRMTest -->
