<?xml version="1.0" encoding="UTF-8"?>
<!-- Generated by org.testng.reporters.JUnitReportReporter -->
<testsuite hostname="ANIKET" failures="0" tests="1" name="aniket.testcases.com.LoginCRM" time="20.978" errors="0" timestamp="07 Jul 2020 08:28:18 GMT" skipped="0">
  <testcase classname="aniket.testcases.com.LoginCRM" name="validatelogin" time="20.978"/>
</testsuite> <!-- aniket.testcases.com.LoginCRM -->
