<?xml version="1.0" encoding="UTF-8"?>
<!-- Generated by org.testng.reporters.JUnitReportReporter -->
<testsuite hostname="ANIKET" failures="0" tests="1" name="aniket.testcases.com.Sampletestwithoutframework" time="16.241" errors="0" timestamp="20 Jul 2020 05:12:50 GMT" skipped="0">
  <testcase classname="aniket.testcases.com.Sampletestwithoutframework" name="testwithoutframework" time="16.241"/>
</testsuite> <!-- aniket.testcases.com.Sampletestwithoutframework -->
