<?xml version="1.0" encoding="UTF-8"?>
<!-- Generated by org.testng.reporters.JUnitReportReporter -->
<testsuite hostname="ANIKET" failures="0" tests="2" name="aniket.testcases.com.LoginCRMTest" time="6.241" errors="0" timestamp="08 Aug 2020 06:59:17 GMT" skipped="0">
  <testcase classname="aniket.testcases.com.LoginCRMTest" name="validatelogin" time="4.863"/>
  <testcase classname="aniket.testcases.com.LoginCRMTest" name="validateloginsuccess" time="1.378"/>
</testsuite> <!-- aniket.testcases.com.LoginCRMTest -->
