<?xml version="1.0" encoding="UTF-8"?>
<!-- Generated by org.testng.reporters.JUnitReportReporter -->
<testsuite hostname="ANIKET" failures="0" tests="2" name="aniket.testcases.com.LoginCRMTest" time="6.376" errors="0" timestamp="07 Aug 2020 15:30:37 GMT" skipped="0">
  <testcase classname="aniket.testcases.com.LoginCRMTest" name="validatelogin" time="4.819"/>
  <testcase classname="aniket.testcases.com.LoginCRMTest" name="validateloginsuccess" time="1.557"/>
</testsuite> <!-- aniket.testcases.com.LoginCRMTest -->
